Arguments: 
  C:\Program Files\nodejs\node.exe C:\Users\17789\AppData\Roaming\npm\node_modules\yarn\bin\yarn.js init

PATH: 
  C:\Windows\system32;C:\Windows;C:\Windows\System32\Wbem;C:\Windows\System32\WindowsPowerShell\v1.0\;C:\Windows\System32\OpenSSH\;C:\Program Files\dotnet\;C:\Program Files\nodejs\;D:\Program Files\MySQL\MySQL Server 8.0\bin;D:\Program Files (x86)\Tencent\微信web开发者工具\dll;;D:\Program Files\Git\cmd;C:\Users\17789\AppData\Local\Microsoft\WindowsApps;d:\Program Files\Bandizip\;D:\Program Files\VsCode\Microsoft VS Code\bin;C:\Users\17789\AppData\Roaming\npm;D:\javaJDK\bin;D:\javaJDK\jre\bin;

Yarn version: 
  1.22.17

Node version: 
  16.14.0

Platform: 
  win32 x64

Trace: 
  Error: canceled
      at Interface.<anonymous> (C:\Users\17789\AppData\Roaming\npm\node_modules\yarn\lib\cli.js:137143:13)
      at Interface.emit (node:events:520:28)
      at Interface._ttyWrite (node:readline:1081:16)
      at ReadStream.onkeypress (node:readline:288:10)
      at ReadStream.emit (node:events:520:28)
      at emitKeys (node:internal/readline/utils:358:14)
      at emitKeys.next (<anonymous>)
      at ReadStream.onData (node:internal/readline/emitKeypressEvents:61:36)
      at ReadStream.emit (node:events:520:28)
      at addChunk (node:internal/streams/readable:315:12)

npm manifest: 
  No manifest

yarn manifest: 
  No manifest

Lockfile: 
  No lockfile
